119.01.05 13:32 B C:\Users\carol\Desktop\moon\backup\fonts\fontawesome-webfont.eot <-- feelbythemoon /htdocs/verynew/fonts fontawesome-webfont.eot
119.01.05 13:32 B C:\Users\carol\Desktop\moon\backup\fonts\fontawesome-webfont.svg <-- feelbythemoon /htdocs/verynew/fonts fontawesome-webfont.svg
119.01.05 13:32 B C:\Users\carol\Desktop\moon\backup\fonts\fontawesome-webfont.ttf <-- feelbythemoon /htdocs/verynew/fonts fontawesome-webfont.ttf
119.01.05 13:32 B C:\Users\carol\Desktop\moon\backup\fonts\fontawesome-webfont.woff <-- feelbythemoon /htdocs/verynew/fonts fontawesome-webfont.woff
119.01.05 13:32 B C:\Users\carol\Desktop\moon\backup\fonts\fontawesome-webfont.woff2 <-- feelbythemoon /htdocs/verynew/fonts fontawesome-webfont.woff2
119.01.05 13:32 B C:\Users\carol\Desktop\moon\backup\fonts\FontAwesome.otf <-- feelbythemoon /htdocs/verynew/fonts FontAwesome.otf
119.01.05 13:32 B C:\Users\carol\Desktop\moon\backup\fonts\glyphicons-halflings-regular.eot <-- feelbythemoon /htdocs/verynew/fonts glyphicons-halflings-regular.eot
119.01.05 13:32 B C:\Users\carol\Desktop\moon\backup\fonts\glyphicons-halflings-regular.svg <-- feelbythemoon /htdocs/verynew/fonts glyphicons-halflings-regular.svg
119.01.05 13:32 B C:\Users\carol\Desktop\moon\backup\fonts\glyphicons-halflings-regular.ttf <-- feelbythemoon /htdocs/verynew/fonts glyphicons-halflings-regular.ttf
119.01.05 13:32 B C:\Users\carol\Desktop\moon\backup\fonts\glyphicons-halflings-regular.woff <-- feelbythemoon /htdocs/verynew/fonts glyphicons-halflings-regular.woff
119.01.05 13:32 B C:\Users\carol\Desktop\moon\backup\fonts\glyphicons-halflings-regular.woff2 <-- feelbythemoon /htdocs/verynew/fonts glyphicons-halflings-regular.woff2
119.01.05 13:32 B C:\Users\carol\Desktop\moon\backup\fonts\materialdesignicons-webfont.eot <-- feelbythemoon /htdocs/verynew/fonts materialdesignicons-webfont.eot
119.01.05 13:32 B C:\Users\carol\Desktop\moon\backup\fonts\materialdesignicons-webfont.svg <-- feelbythemoon /htdocs/verynew/fonts materialdesignicons-webfont.svg
119.01.05 13:32 B C:\Users\carol\Desktop\moon\backup\fonts\materialdesignicons-webfont.ttf <-- feelbythemoon /htdocs/verynew/fonts materialdesignicons-webfont.ttf
119.01.05 13:32 B C:\Users\carol\Desktop\moon\backup\fonts\materialdesignicons-webfont.woff <-- feelbythemoon /htdocs/verynew/fonts materialdesignicons-webfont.woff
119.01.05 13:32 B C:\Users\carol\Desktop\moon\backup\fonts\materialdesignicons-webfont.woff2 <-- feelbythemoon /htdocs/verynew/fonts materialdesignicons-webfont.woff2
119.01.05 13:32 B C:\Users\carol\Desktop\moon\backup\fonts\MaterialIcons-Regular.eot <-- feelbythemoon /htdocs/verynew/fonts MaterialIcons-Regular.eot
119.01.05 13:32 B C:\Users\carol\Desktop\moon\backup\fonts\MaterialIcons-Regular.ijmap <-- feelbythemoon /htdocs/verynew/fonts MaterialIcons-Regular.ijmap
119.01.05 13:32 B C:\Users\carol\Desktop\moon\backup\fonts\MaterialIcons-Regular.ttf <-- feelbythemoon /htdocs/verynew/fonts MaterialIcons-Regular.ttf
119.01.05 13:32 B C:\Users\carol\Desktop\moon\backup\fonts\MaterialIcons-Regular.woff <-- feelbythemoon /htdocs/verynew/fonts MaterialIcons-Regular.woff
119.01.05 13:32 B C:\Users\carol\Desktop\moon\backup\fonts\MaterialIcons-Regular.woff2 <-- feelbythemoon /htdocs/verynew/fonts MaterialIcons-Regular.woff2
119.01.05 14:05 B C:\Users\carol\Desktop\moon\backup\fonts\fontawesome-webfont.eot --> dolphin.esosoft.net /htdocs/fonts fontawesome-webfont.eot
119.01.05 14:05 B C:\Users\carol\Desktop\moon\backup\fonts\fontawesome-webfont.svg --> dolphin.esosoft.net /htdocs/fonts fontawesome-webfont.svg
119.01.05 14:05 B C:\Users\carol\Desktop\moon\backup\fonts\fontawesome-webfont.ttf --> dolphin.esosoft.net /htdocs/fonts fontawesome-webfont.ttf
119.01.05 14:05 B C:\Users\carol\Desktop\moon\backup\fonts\fontawesome-webfont.woff --> dolphin.esosoft.net /htdocs/fonts fontawesome-webfont.woff
119.01.05 14:05 B C:\Users\carol\Desktop\moon\backup\fonts\fontawesome-webfont.woff2 --> dolphin.esosoft.net /htdocs/fonts fontawesome-webfont.woff2
119.01.05 14:05 B C:\Users\carol\Desktop\moon\backup\fonts\FontAwesome.otf --> dolphin.esosoft.net /htdocs/fonts FontAwesome.otf
119.01.05 14:05 B C:\Users\carol\Desktop\moon\backup\fonts\glyphicons-halflings-regular.eot --> dolphin.esosoft.net /htdocs/fonts glyphicons-halflings-regular.eot
119.01.05 14:05 B C:\Users\carol\Desktop\moon\backup\fonts\glyphicons-halflings-regular.svg --> dolphin.esosoft.net /htdocs/fonts glyphicons-halflings-regular.svg
119.01.05 14:05 B C:\Users\carol\Desktop\moon\backup\fonts\glyphicons-halflings-regular.ttf --> dolphin.esosoft.net /htdocs/fonts glyphicons-halflings-regular.ttf
119.01.05 14:05 B C:\Users\carol\Desktop\moon\backup\fonts\glyphicons-halflings-regular.woff --> dolphin.esosoft.net /htdocs/fonts glyphicons-halflings-regular.woff
119.01.05 14:05 B C:\Users\carol\Desktop\moon\backup\fonts\glyphicons-halflings-regular.woff2 --> dolphin.esosoft.net /htdocs/fonts glyphicons-halflings-regular.woff2
119.01.05 14:05 B C:\Users\carol\Desktop\moon\backup\fonts\materialdesignicons-webfont.eot --> dolphin.esosoft.net /htdocs/fonts materialdesignicons-webfont.eot
119.01.05 14:05 B C:\Users\carol\Desktop\moon\backup\fonts\materialdesignicons-webfont.svg --> dolphin.esosoft.net /htdocs/fonts materialdesignicons-webfont.svg
119.01.05 14:05 B C:\Users\carol\Desktop\moon\backup\fonts\materialdesignicons-webfont.ttf --> dolphin.esosoft.net /htdocs/fonts materialdesignicons-webfont.ttf
119.01.05 14:05 B C:\Users\carol\Desktop\moon\backup\fonts\materialdesignicons-webfont.woff --> dolphin.esosoft.net /htdocs/fonts materialdesignicons-webfont.woff
119.01.05 14:05 B C:\Users\carol\Desktop\moon\backup\fonts\materialdesignicons-webfont.woff2 --> dolphin.esosoft.net /htdocs/fonts materialdesignicons-webfont.woff2
119.01.05 14:05 B C:\Users\carol\Desktop\moon\backup\fonts\MaterialIcons-Regular.eot --> dolphin.esosoft.net /htdocs/fonts MaterialIcons-Regular.eot
119.01.05 14:05 B C:\Users\carol\Desktop\moon\backup\fonts\MaterialIcons-Regular.ijmap --> dolphin.esosoft.net /htdocs/fonts MaterialIcons-Regular.ijmap
119.01.05 14:05 B C:\Users\carol\Desktop\moon\backup\fonts\MaterialIcons-Regular.ttf --> dolphin.esosoft.net /htdocs/fonts MaterialIcons-Regular.ttf
119.01.05 14:05 B C:\Users\carol\Desktop\moon\backup\fonts\MaterialIcons-Regular.woff --> dolphin.esosoft.net /htdocs/fonts MaterialIcons-Regular.woff
119.01.05 14:05 B C:\Users\carol\Desktop\moon\backup\fonts\MaterialIcons-Regular.woff2 --> dolphin.esosoft.net /htdocs/fonts MaterialIcons-Regular.woff2
119.09.02 12:23 B C:\Users\Baref\Dropbox\freelancer projects\html\fonts\WS_FTP.LOG <-- feelbythemoon /htdocs/fonts WS_FTP.LOG
